# JRE version: Java(TM) SE Runtime Environment (19.0.2+7) (build 19.0.2+7-44)
# Java VM: Java HotSpot(TM) 64-Bit Server VM (19.0.2+7-44, mixed mode, sharing, tiered, compressed oops, compressed class ptrs, g1 gc, windows-amd64)
GC Precious Log:
 CardTable entry size: 512
 Card Set container configuration: InlinePtr #cards 5 size 8 Array Of Cards #cards 12 size 40 Howl #buckets 4 coarsen threshold 1843 Howl Bitmap #cards 512 size 80 coarsen threshold 460 Card regions per heap region 1 cards per card region 2048
 CPUs: 16 total, 16 available
 Memory: 12013M
 Large Page Support: Disabled
 NUMA Support: Disabled
 Compressed Oops: Enabled (32-bit)
 Heap Region Size: 1M
 Heap Min Capacity: 8M
 Heap Initial Capacity: 188M
 Heap Max Capacity: 2G
 Pre-touch: Disabled
 Parallel Workers: 13
 Concurrent Workers: 3
 Concurrent Refinement Workers: 13
 Periodic GC: Disabled
Heap:
 garbage-first heap   total 223232K, used 84466K [0x0000000080000000, 0x0000000100000000)
  region size 1024K, 4 young (4096K), 4 survivors (4096K)
 Metaspace       used 76147K, committed 78336K, reserved 552960K
  class space    used 10534K, committed 11712K, reserved 421888K
GC Heap History (20 events):
Event: 4.644 GC heap after
{Heap after GC invocations=13 (full 0):
 garbage-first heap   total 222208K, used 35354K [0x0000000080000000, 0x0000000100000000)
  region size 1024K, 2 young (2048K), 2 survivors (2048K)
 Metaspace       used 41114K, committed 42560K, reserved 487424K
  class space    used 5705K, committed 6464K, reserved 421888K
}
Event: 6.535 GC heap before
{Heap before GC invocations=13 (full 0):
 garbage-first heap   total 222208K, used 167450K [0x0000000080000000, 0x0000000100000000)
  region size 1024K, 130 young (133120K), 2 survivors (2048K)
 Metaspace       used 55649K, committed 57344K, reserved 487424K
  class space    used 7738K, committed 8640K, reserved 421888K
}
Event: 6.539 GC heap after
{Heap after GC invocations=14 (full 0):
 garbage-first heap   total 222208K, used 42568K [0x0000000080000000, 0x0000000100000000)
  region size 1024K, 9 young (9216K), 9 survivors (9216K)
 Metaspace       used 55649K, committed 57344K, reserved 487424K
  class space    used 7738K, committed 8640K, reserved 421888K
}
Event: 6.787 GC heap before
{Heap before GC invocations=14 (full 0):
 garbage-first heap   total 222208K, used 85576K [0x0000000080000000, 0x0000000100000000)
  region size 1024K, 53 young (54272K), 9 survivors (9216K)
 Metaspace       used 58284K, committed 60096K, reserved 487424K
  class space    used 8136K, committed 9088K, reserved 421888K
}
Event: 6.794 GC heap after
{Heap after GC invocations=15 (full 0):
 garbage-first heap   total 222208K, used 44883K [0x0000000080000000, 0x0000000100000000)
  region size 1024K, 10 young (10240K), 10 survivors (10240K)
 Metaspace       used 58284K, committed 60096K, reserved 487424K
  class space    used 8136K, committed 9088K, reserved 421888K
}
Event: 7.700 GC heap before
{Heap before GC invocations=16 (full 0):
 garbage-first heap   total 153600K, used 139091K [0x0000000080000000, 0x0000000100000000)
  region size 1024K, 90 young (92160K), 10 survivors (10240K)
 Metaspace       used 65115K, committed 67072K, reserved 487424K
  class space    used 9079K, committed 10112K, reserved 421888K
}
Event: 7.709 GC heap after
{Heap after GC invocations=17 (full 0):
 garbage-first heap   total 156672K, used 63246K [0x0000000080000000, 0x0000000100000000)
  region size 1024K, 10 young (10240K), 10 survivors (10240K)
 Metaspace       used 65115K, committed 67072K, reserved 487424K
  class space    used 9079K, committed 10112K, reserved 421888K
}
Event: 7.713 GC heap before
{Heap before GC invocations=17 (full 0):
 garbage-first heap   total 156672K, used 64270K [0x0000000080000000, 0x0000000100000000)
  region size 1024K, 11 young (11264K), 10 survivors (10240K)
 Metaspace       used 65120K, committed 67072K, reserved 487424K
  class space    used 9080K, committed 10112K, reserved 421888K
}
Event: 7.717 GC heap after
{Heap after GC invocations=18 (full 0):
 garbage-first heap   total 156672K, used 64260K [0x0000000080000000, 0x0000000100000000)
  region size 1024K, 1 young (1024K), 1 survivors (1024K)
 Metaspace       used 65120K, committed 67072K, reserved 487424K
  class space    used 9080K, committed 10112K, reserved 421888K
}
Event: 8.285 GC heap before
{Heap before GC invocations=18 (full 0):
 garbage-first heap   total 156672K, used 124676K [0x0000000080000000, 0x0000000100000000)
  region size 1024K, 61 young (62464K), 1 survivors (1024K)
 Metaspace       used 68077K, committed 70016K, reserved 487424K
  class space    used 9456K, committed 10496K, reserved 421888K
}
Event: 8.287 GC heap after
{Heap after GC invocations=19 (full 0):
 garbage-first heap   total 156672K, used 68247K [0x0000000080000000, 0x0000000100000000)
  region size 1024K, 5 young (5120K), 5 survivors (5120K)
 Metaspace       used 68077K, committed 70016K, reserved 487424K
  class space    used 9456K, committed 10496K, reserved 421888K
}
Event: 8.978 GC heap before
{Heap before GC invocations=19 (full 0):
 garbage-first heap   total 156672K, used 125591K [0x0000000080000000, 0x0000000100000000)
  region size 1024K, 61 young (62464K), 5 survivors (5120K)
 Metaspace       used 72112K, committed 74176K, reserved 487424K
  class space    used 9998K, committed 11072K, reserved 421888K
}
Event: 8.983 GC heap after
{Heap after GC invocations=20 (full 0):
 garbage-first heap   total 156672K, used 73230K [0x0000000080000000, 0x0000000100000000)
  region size 1024K, 6 young (6144K), 6 survivors (6144K)
 Metaspace       used 72112K, committed 74176K, reserved 487424K
  class space    used 9998K, committed 11072K, reserved 421888K
}
Event: 9.378 GC heap before
{Heap before GC invocations=20 (full 0):
 garbage-first heap   total 156672K, used 114190K [0x0000000080000000, 0x0000000100000000)
  region size 1024K, 48 young (49152K), 6 survivors (6144K)
 Metaspace       used 74502K, committed 76544K, reserved 487424K
  class space    used 10396K, committed 11456K, reserved 421888K
}
Event: 9.383 GC heap after
{Heap after GC invocations=21 (full 0):
 garbage-first heap   total 156672K, used 77439K [0x0000000080000000, 0x0000000100000000)
  region size 1024K, 6 young (6144K), 6 survivors (6144K)
 Metaspace       used 74502K, committed 76544K, reserved 487424K
  class space    used 10396K, committed 11456K, reserved 421888K
}
Event: 9.742 GC heap before
{Heap before GC invocations=22 (full 0):
 garbage-first heap   total 156672K, used 126591K [0x0000000080000000, 0x0000000100000000)
  region size 1024K, 53 young (54272K), 6 survivors (6144K)
 Metaspace       used 76076K, committed 78272K, reserved 552960K
  class space    used 10534K, committed 11712K, reserved 421888K
}
Event: 9.746 GC heap after
{Heap after GC invocations=23 (full 0):
 garbage-first heap   total 156672K, used 82159K [0x0000000080000000, 0x0000000100000000)
  region size 1024K, 6 young (6144K), 6 survivors (6144K)
 Metaspace       used 76076K, committed 78272K, reserved 552960K
  class space    used 10534K, committed 11712K, reserved 421888K
}
Event: 9.747 GC heap before
{Heap before GC invocations=23 (full 0):
 garbage-first heap   total 156672K, used 83183K [0x0000000080000000, 0x0000000100000000)
  region size 1024K, 7 young (7168K), 6 survivors (6144K)
 Metaspace       used 76076K, committed 78272K, reserved 552960K
  class space    used 10534K, committed 11712K, reserved 421888K
}
Event: 9.750 GC heap after
{Heap after GC invocations=24 (full 0):
 garbage-first heap   total 156672K, used 81748K [0x0000000080000000, 0x0000000100000000)
  region size 1024K, 1 young (1024K), 1 survivors (1024K)
 Metaspace       used 76076K, committed 78272K, reserved 552960K
  class space    used 10534K, committed 11712K, reserved 421888K
}
Event: 9.847 GC heap before
{Heap before GC invocations=24 (full 0):
 garbage-first heap   total 156672K, used 124756K [0x0000000080000000, 0x0000000100000000)
  region size 1024K, 44 young (45056K), 1 survivors (1024K)
 Metaspace       used 76147K, committed 78336K, reserved 552960K
  class space    used 10534K, committed 11712K, reserved 421888K
}

