# JRE version: Java(TM) SE Runtime Environment (19.0.2+7) (build 19.0.2+7-44)
# Java VM: Java HotSpot(TM) 64-Bit Server VM (19.0.2+7-44, mixed mode, sharing, tiered, compressed oops, compressed class ptrs, g1 gc, windows-amd64)
GC Precious Log:
 CardTable entry size: 512
 Card Set container configuration: InlinePtr #cards 5 size 8 Array Of Cards #cards 12 size 40 Howl #buckets 4 coarsen threshold 1843 Howl Bitmap #cards 512 size 80 coarsen threshold 460 Card regions per heap region 1 cards per card region 2048
 CPUs: 16 total, 16 available
 Memory: 12013M
 Large Page Support: Disabled
 NUMA Support: Disabled
 Compressed Oops: Enabled (32-bit)
 Heap Region Size: 1M
 Heap Min Capacity: 8M
 Heap Initial Capacity: 188M
 Heap Max Capacity: 2G
 Pre-touch: Disabled
 Parallel Workers: 13
 Concurrent Workers: 3
 Concurrent Refinement Workers: 13
 Periodic GC: Disabled
Heap:
 garbage-first heap   total 321536K, used 254452K [0x0000000080000000, 0x0000000100000000)
  region size 1024K, 3 young (3072K), 2 survivors (2048K)
 Metaspace       used 129282K, committed 132160K, reserved 552960K
  class space    used 17493K, committed 18944K, reserved 421888K
GC Heap History (20 events):
Event: 19.097 GC heap before
{Heap before GC invocations=40 (full 0):
 garbage-first heap   total 321536K, used 268158K [0x0000000080000000, 0x0000000100000000)
  region size 1024K, 56 young (57344K), 8 survivors (8192K)
 Metaspace       used 117455K, committed 120128K, reserved 552960K
  class space    used 16052K, committed 17408K, reserved 421888K
}
Event: 19.103 GC heap after
{Heap after GC invocations=41 (full 0):
 garbage-first heap   total 321536K, used 225729K [0x0000000080000000, 0x0000000100000000)
  region size 1024K, 7 young (7168K), 7 survivors (7168K)
 Metaspace       used 117455K, committed 120128K, reserved 552960K
  class space    used 16052K, committed 17408K, reserved 421888K
}
Event: 19.150 GC heap before
{Heap before GC invocations=41 (full 0):
 garbage-first heap   total 321536K, used 268737K [0x0000000080000000, 0x0000000100000000)
  region size 1024K, 50 young (51200K), 7 survivors (7168K)
 Metaspace       used 117455K, committed 120128K, reserved 552960K
  class space    used 16052K, committed 17408K, reserved 421888K
}
Event: 19.153 GC heap after
{Heap after GC invocations=42 (full 0):
 garbage-first heap   total 321536K, used 227576K [0x0000000080000000, 0x0000000100000000)
  region size 1024K, 4 young (4096K), 4 survivors (4096K)
 Metaspace       used 117455K, committed 120128K, reserved 552960K
  class space    used 16052K, committed 17408K, reserved 421888K
}
Event: 19.365 GC heap before
{Heap before GC invocations=42 (full 0):
 garbage-first heap   total 321536K, used 272632K [0x0000000080000000, 0x0000000100000000)
  region size 1024K, 47 young (48128K), 4 survivors (4096K)
 Metaspace       used 117590K, committed 120320K, reserved 552960K
  class space    used 16068K, committed 17472K, reserved 421888K
}
Event: 19.369 GC heap after
{Heap after GC invocations=43 (full 0):
 garbage-first heap   total 321536K, used 235033K [0x0000000080000000, 0x0000000100000000)
  region size 1024K, 6 young (6144K), 6 survivors (6144K)
 Metaspace       used 117590K, committed 120320K, reserved 552960K
  class space    used 16068K, committed 17472K, reserved 421888K
}
Event: 19.410 GC heap before
{Heap before GC invocations=43 (full 0):
 garbage-first heap   total 321536K, used 270873K [0x0000000080000000, 0x0000000100000000)
  region size 1024K, 42 young (43008K), 6 survivors (6144K)
 Metaspace       used 117590K, committed 120320K, reserved 552960K
  class space    used 16068K, committed 17472K, reserved 421888K
}
Event: 19.412 GC heap after
{Heap after GC invocations=44 (full 0):
 garbage-first heap   total 321536K, used 237874K [0x0000000080000000, 0x0000000100000000)
  region size 1024K, 4 young (4096K), 4 survivors (4096K)
 Metaspace       used 117590K, committed 120320K, reserved 552960K
  class space    used 16068K, committed 17472K, reserved 421888K
}
Event: 19.508 GC heap before
{Heap before GC invocations=44 (full 0):
 garbage-first heap   total 321536K, used 271666K [0x0000000080000000, 0x0000000100000000)
  region size 1024K, 38 young (38912K), 4 survivors (4096K)
 Metaspace       used 117691K, committed 120384K, reserved 552960K
  class space    used 16084K, committed 17472K, reserved 421888K
}
Event: 19.511 GC heap after
{Heap after GC invocations=45 (full 0):
 garbage-first heap   total 321536K, used 240307K [0x0000000080000000, 0x0000000100000000)
  region size 1024K, 5 young (5120K), 5 survivors (5120K)
 Metaspace       used 117691K, committed 120384K, reserved 552960K
  class space    used 16084K, committed 17472K, reserved 421888K
}
Event: 19.726 GC heap before
{Heap before GC invocations=45 (full 0):
 garbage-first heap   total 321536K, used 274099K [0x0000000080000000, 0x0000000100000000)
  region size 1024K, 38 young (38912K), 5 survivors (5120K)
 Metaspace       used 118745K, committed 121472K, reserved 552960K
  class space    used 16227K, committed 17600K, reserved 421888K
}
Event: 19.730 GC heap after
{Heap after GC invocations=46 (full 0):
 garbage-first heap   total 321536K, used 244785K [0x0000000080000000, 0x0000000100000000)
  region size 1024K, 5 young (5120K), 5 survivors (5120K)
 Metaspace       used 118745K, committed 121472K, reserved 552960K
  class space    used 16227K, committed 17600K, reserved 421888K
}
Event: 19.961 GC heap before
{Heap before GC invocations=46 (full 0):
 garbage-first heap   total 321536K, used 274481K [0x0000000080000000, 0x0000000100000000)
  region size 1024K, 35 young (35840K), 5 survivors (5120K)
 Metaspace       used 121303K, committed 124032K, reserved 552960K
  class space    used 16596K, committed 17984K, reserved 421888K
}
Event: 19.965 GC heap after
{Heap after GC invocations=47 (full 0):
 garbage-first heap   total 321536K, used 246454K [0x0000000080000000, 0x0000000100000000)
  region size 1024K, 2 young (2048K), 2 survivors (2048K)
 Metaspace       used 121303K, committed 124032K, reserved 552960K
  class space    used 16596K, committed 17984K, reserved 421888K
}
Event: 20.475 GC heap before
{Heap before GC invocations=47 (full 0):
 garbage-first heap   total 321536K, used 276150K [0x0000000080000000, 0x0000000100000000)
  region size 1024K, 32 young (32768K), 2 survivors (2048K)
 Metaspace       used 125602K, committed 128320K, reserved 552960K
  class space    used 17125K, committed 18496K, reserved 421888K
}
Event: 20.483 GC heap after
{Heap after GC invocations=48 (full 0):
 garbage-first heap   total 321536K, used 250319K [0x0000000080000000, 0x0000000100000000)
  region size 1024K, 4 young (4096K), 4 survivors (4096K)
 Metaspace       used 125602K, committed 128320K, reserved 552960K
  class space    used 17125K, committed 18496K, reserved 421888K
}
Event: 22.909 GC heap before
{Heap before GC invocations=48 (full 0):
 garbage-first heap   total 321536K, used 276943K [0x0000000080000000, 0x0000000100000000)
  region size 1024K, 31 young (31744K), 4 survivors (4096K)
 Metaspace       used 128868K, committed 131648K, reserved 552960K
  class space    used 17493K, committed 18944K, reserved 421888K
}
Event: 22.913 GC heap after
{Heap after GC invocations=49 (full 0):
 garbage-first heap   total 321536K, used 252812K [0x0000000080000000, 0x0000000100000000)
  region size 1024K, 3 young (3072K), 3 survivors (3072K)
 Metaspace       used 128868K, committed 131648K, reserved 552960K
  class space    used 17493K, committed 18944K, reserved 421888K
}
Event: 31.280 GC heap before
{Heap before GC invocations=49 (full 0):
 garbage-first heap   total 321536K, used 277388K [0x0000000080000000, 0x0000000100000000)
  region size 1024K, 28 young (28672K), 3 survivors (3072K)
 Metaspace       used 129327K, committed 132160K, reserved 552960K
  class space    used 17505K, committed 18944K, reserved 421888K
}
Event: 31.283 GC heap after
{Heap after GC invocations=50 (full 0):
 garbage-first heap   total 321536K, used 254452K [0x0000000080000000, 0x0000000100000000)
  region size 1024K, 2 young (2048K), 2 survivors (2048K)
 Metaspace       used 129327K, committed 132160K, reserved 552960K
  class space    used 17505K, committed 18944K, reserved 421888K
}

