# JRE version: Java(TM) SE Runtime Environment (19.0.2+7) (build 19.0.2+7-44)
# Java VM: Java HotSpot(TM) 64-Bit Server VM (19.0.2+7-44, mixed mode, sharing, tiered, compressed oops, compressed class ptrs, g1 gc, windows-amd64)
GC Precious Log:
 CardTable entry size: 512
 Card Set container configuration: InlinePtr #cards 5 size 8 Array Of Cards #cards 12 size 40 Howl #buckets 4 coarsen threshold 1843 Howl Bitmap #cards 512 size 80 coarsen threshold 460 Card regions per heap region 1 cards per card region 2048
 CPUs: 16 total, 16 available
 Memory: 12013M
 Large Page Support: Disabled
 NUMA Support: Disabled
 Compressed Oops: Enabled (32-bit)
 Heap Region Size: 1M
 Heap Min Capacity: 8M
 Heap Initial Capacity: 188M
 Heap Max Capacity: 2G
 Pre-touch: Disabled
 Parallel Workers: 13
 Concurrent Workers: 3
 Concurrent Refinement Workers: 13
 Periodic GC: Disabled
Heap:
 garbage-first heap   total 410624K, used 324259K [0x0000000080000000, 0x0000000100000000)
  region size 1024K, 22 young (22528K), 7 survivors (7168K)
 Metaspace       used 127516K, committed 130240K, reserved 552960K
  class space    used 16739K, committed 18176K, reserved 421888K
GC Heap History (20 events):
Event: 702.470 GC heap before
{Heap before GC invocations=66 (full 0):
 garbage-first heap   total 342016K, used 299954K [0x0000000080000000, 0x0000000100000000)
  region size 1024K, 36 young (36864K), 4 survivors (4096K)
 Metaspace       used 126803K, committed 129472K, reserved 552960K
  class space    used 16716K, committed 18112K, reserved 421888K
}
Event: 702.474 GC heap after
{Heap after GC invocations=67 (full 0):
 garbage-first heap   total 342016K, used 270613K [0x0000000080000000, 0x0000000100000000)
  region size 1024K, 5 young (5120K), 5 survivors (5120K)
 Metaspace       used 126803K, committed 129472K, reserved 552960K
  class space    used 16716K, committed 18112K, reserved 421888K
}
Event: 702.606 GC heap before
{Heap before GC invocations=67 (full 0):
 garbage-first heap   total 342016K, used 298261K [0x0000000080000000, 0x0000000100000000)
  region size 1024K, 32 young (32768K), 5 survivors (5120K)
 Metaspace       used 126842K, committed 129536K, reserved 552960K
  class space    used 16718K, committed 18112K, reserved 421888K
}
Event: 702.612 GC heap after
{Heap after GC invocations=68 (full 0):
 garbage-first heap   total 342016K, used 274410K [0x0000000080000000, 0x0000000100000000)
  region size 1024K, 4 young (4096K), 4 survivors (4096K)
 Metaspace       used 126842K, committed 129536K, reserved 552960K
  class space    used 16718K, committed 18112K, reserved 421888K
}
Event: 702.720 GC heap before
{Heap before GC invocations=68 (full 0):
 garbage-first heap   total 342016K, used 297962K [0x0000000080000000, 0x0000000100000000)
  region size 1024K, 27 young (27648K), 4 survivors (4096K)
 Metaspace       used 126876K, committed 129600K, reserved 552960K
  class space    used 16718K, committed 18112K, reserved 421888K
}
Event: 702.723 GC heap after
{Heap after GC invocations=69 (full 0):
 garbage-first heap   total 342016K, used 278092K [0x0000000080000000, 0x0000000100000000)
  region size 1024K, 4 young (4096K), 4 survivors (4096K)
 Metaspace       used 126876K, committed 129600K, reserved 552960K
  class space    used 16718K, committed 18112K, reserved 421888K
}
Event: 702.804 GC heap before
{Heap before GC invocations=69 (full 0):
 garbage-first heap   total 342016K, used 297548K [0x0000000080000000, 0x0000000100000000)
  region size 1024K, 24 young (24576K), 4 survivors (4096K)
 Metaspace       used 126904K, committed 129600K, reserved 552960K
  class space    used 16719K, committed 18112K, reserved 421888K
}
Event: 702.807 GC heap after
{Heap after GC invocations=70 (full 0):
 garbage-first heap   total 342016K, used 281706K [0x0000000080000000, 0x0000000100000000)
  region size 1024K, 3 young (3072K), 3 survivors (3072K)
 Metaspace       used 126904K, committed 129600K, reserved 552960K
  class space    used 16719K, committed 18112K, reserved 421888K
}
Event: 702.863 GC heap before
{Heap before GC invocations=70 (full 0):
 garbage-first heap   total 342016K, used 299114K [0x0000000080000000, 0x0000000100000000)
  region size 1024K, 20 young (20480K), 3 survivors (3072K)
 Metaspace       used 126946K, committed 129664K, reserved 552960K
  class space    used 16720K, committed 18112K, reserved 421888K
}
Event: 702.867 GC heap after
{Heap after GC invocations=71 (full 0):
 garbage-first heap   total 410624K, used 284416K [0x0000000080000000, 0x0000000100000000)
  region size 1024K, 3 young (3072K), 3 survivors (3072K)
 Metaspace       used 126946K, committed 129664K, reserved 552960K
  class space    used 16720K, committed 18112K, reserved 421888K
}
Event: 703.305 GC heap before
{Heap before GC invocations=71 (full 0):
 garbage-first heap   total 410624K, used 345856K [0x0000000080000000, 0x0000000100000000)
  region size 1024K, 63 young (64512K), 3 survivors (3072K)
 Metaspace       used 127091K, committed 129792K, reserved 552960K
  class space    used 16724K, committed 18112K, reserved 421888K
}
Event: 703.314 GC heap after
{Heap after GC invocations=72 (full 0):
 garbage-first heap   total 410624K, used 293718K [0x0000000080000000, 0x0000000100000000)
  region size 1024K, 8 young (8192K), 8 survivors (8192K)
 Metaspace       used 127091K, committed 129792K, reserved 552960K
  class space    used 16724K, committed 18112K, reserved 421888K
}
Event: 703.514 GC heap before
{Heap before GC invocations=72 (full 0):
 garbage-first heap   total 410624K, used 346966K [0x0000000080000000, 0x0000000100000000)
  region size 1024K, 60 young (61440K), 8 survivors (8192K)
 Metaspace       used 127173K, committed 129856K, reserved 552960K
  class space    used 16725K, committed 18112K, reserved 421888K
}
Event: 703.520 GC heap after
{Heap after GC invocations=73 (full 0):
 garbage-first heap   total 410624K, used 302185K [0x0000000080000000, 0x0000000100000000)
  region size 1024K, 8 young (8192K), 8 survivors (8192K)
 Metaspace       used 127173K, committed 129856K, reserved 552960K
  class space    used 16725K, committed 18112K, reserved 421888K
}
Event: 703.727 GC heap before
{Heap before GC invocations=73 (full 0):
 garbage-first heap   total 410624K, used 348265K [0x0000000080000000, 0x0000000100000000)
  region size 1024K, 54 young (55296K), 8 survivors (8192K)
 Metaspace       used 127236K, committed 129920K, reserved 552960K
  class space    used 16725K, committed 18112K, reserved 421888K
}
Event: 703.730 GC heap after
{Heap after GC invocations=74 (full 0):
 garbage-first heap   total 410624K, used 305476K [0x0000000080000000, 0x0000000100000000)
  region size 1024K, 3 young (3072K), 3 survivors (3072K)
 Metaspace       used 127236K, committed 129920K, reserved 552960K
  class space    used 16725K, committed 18112K, reserved 421888K
}
Event: 713.006 GC heap before
{Heap before GC invocations=74 (full 0):
 garbage-first heap   total 410624K, used 351556K [0x0000000080000000, 0x0000000100000000)
  region size 1024K, 49 young (50176K), 3 survivors (3072K)
 Metaspace       used 127327K, committed 129984K, reserved 552960K
  class space    used 16726K, committed 18112K, reserved 421888K
}
Event: 713.009 GC heap after
{Heap after GC invocations=75 (full 0):
 garbage-first heap   total 410624K, used 305039K [0x0000000080000000, 0x0000000100000000)
  region size 1024K, 3 young (3072K), 3 survivors (3072K)
 Metaspace       used 127327K, committed 129984K, reserved 552960K
  class space    used 16726K, committed 18112K, reserved 421888K
}
Event: 829.470 GC heap before
{Heap before GC invocations=75 (full 0):
 garbage-first heap   total 410624K, used 353167K [0x0000000080000000, 0x0000000100000000)
  region size 1024K, 51 young (52224K), 3 survivors (3072K)
 Metaspace       used 127399K, committed 130112K, reserved 552960K
  class space    used 16726K, committed 18112K, reserved 421888K
}
Event: 829.474 GC heap after
{Heap after GC invocations=76 (full 0):
 garbage-first heap   total 410624K, used 308899K [0x0000000080000000, 0x0000000100000000)
  region size 1024K, 7 young (7168K), 7 survivors (7168K)
 Metaspace       used 127399K, committed 130112K, reserved 552960K
  class space    used 16726K, committed 18112K, reserved 421888K
}

