# JRE version: Java(TM) SE Runtime Environment (19.0.2+7) (build 19.0.2+7-44)
# Java VM: Java HotSpot(TM) 64-Bit Server VM (19.0.2+7-44, mixed mode, sharing, tiered, compressed oops, compressed class ptrs, g1 gc, windows-amd64)
GC Precious Log:
 CardTable entry size: 512
 Card Set container configuration: InlinePtr #cards 5 size 8 Array Of Cards #cards 12 size 40 Howl #buckets 4 coarsen threshold 1843 Howl Bitmap #cards 512 size 80 coarsen threshold 460 Card regions per heap region 1 cards per card region 2048
 CPUs: 16 total, 16 available
 Memory: 12013M
 Large Page Support: Disabled
 NUMA Support: Disabled
 Compressed Oops: Enabled (32-bit)
 Heap Region Size: 1M
 Heap Min Capacity: 8M
 Heap Initial Capacity: 188M
 Heap Max Capacity: 2G
 Pre-touch: Disabled
 Parallel Workers: 13
 Concurrent Workers: 3
 Concurrent Refinement Workers: 13
 Periodic GC: Disabled
Heap:
 garbage-first heap   total 302080K, used 198743K [0x0000000080000000, 0x0000000100000000)
  region size 1024K, 5 young (5120K), 5 survivors (5120K)
 Metaspace       used 110806K, committed 113472K, reserved 552960K
  class space    used 15206K, committed 16576K, reserved 421888K
GC Heap History (20 events):
Event: 11.387 GC heap after
{Heap after GC invocations=41 (full 0):
 garbage-first heap   total 198656K, used 131983K [0x0000000080000000, 0x0000000100000000)
  region size 1024K, 4 young (4096K), 4 survivors (4096K)
 Metaspace       used 99589K, committed 102016K, reserved 552960K
  class space    used 13642K, committed 14912K, reserved 421888K
}
Event: 11.429 GC heap before
{Heap before GC invocations=41 (full 0):
 garbage-first heap   total 198656K, used 166799K [0x0000000080000000, 0x0000000100000000)
  region size 1024K, 39 young (39936K), 4 survivors (4096K)
 Metaspace       used 99597K, committed 102016K, reserved 552960K
  class space    used 13642K, committed 14912K, reserved 421888K
}
Event: 11.431 GC heap after
{Heap after GC invocations=42 (full 0):
 garbage-first heap   total 198656K, used 132911K [0x0000000080000000, 0x0000000100000000)
  region size 1024K, 4 young (4096K), 4 survivors (4096K)
 Metaspace       used 99597K, committed 102016K, reserved 552960K
  class space    used 13642K, committed 14912K, reserved 421888K
}
Event: 11.533 GC heap before
{Heap before GC invocations=42 (full 0):
 garbage-first heap   total 198656K, used 146223K [0x0000000080000000, 0x0000000100000000)
  region size 1024K, 18 young (18432K), 4 survivors (4096K)
 Metaspace       used 100121K, committed 102528K, reserved 552960K
  class space    used 13703K, committed 14976K, reserved 421888K
}
Event: 11.536 GC heap after
{Heap after GC invocations=43 (full 0):
 garbage-first heap   total 284672K, used 136804K [0x0000000080000000, 0x0000000100000000)
  region size 1024K, 4 young (4096K), 4 survivors (4096K)
 Metaspace       used 100121K, committed 102528K, reserved 552960K
  class space    used 13703K, committed 14976K, reserved 421888K
}
Event: 12.153 GC heap before
{Heap before GC invocations=43 (full 0):
 garbage-first heap   total 284672K, used 236132K [0x0000000080000000, 0x0000000100000000)
  region size 1024K, 99 young (101376K), 4 survivors (4096K)
 Metaspace       used 103515K, committed 106048K, reserved 552960K
  class space    used 14164K, committed 15488K, reserved 421888K
}
Event: 12.160 GC heap after
{Heap after GC invocations=44 (full 0):
 garbage-first heap   total 284672K, used 157469K [0x0000000080000000, 0x0000000100000000)
  region size 1024K, 13 young (13312K), 13 survivors (13312K)
 Metaspace       used 103515K, committed 106048K, reserved 552960K
  class space    used 14164K, committed 15488K, reserved 421888K
}
Event: 12.234 GC heap before
{Heap before GC invocations=44 (full 0):
 garbage-first heap   total 284672K, used 232221K [0x0000000080000000, 0x0000000100000000)
  region size 1024K, 87 young (89088K), 13 survivors (13312K)
 Metaspace       used 103515K, committed 106048K, reserved 552960K
  class space    used 14164K, committed 15488K, reserved 421888K
}
Event: 12.240 GC heap after
{Heap after GC invocations=45 (full 0):
 garbage-first heap   total 284672K, used 162062K [0x0000000080000000, 0x0000000100000000)
  region size 1024K, 5 young (5120K), 5 survivors (5120K)
 Metaspace       used 103515K, committed 106048K, reserved 552960K
  class space    used 14164K, committed 15488K, reserved 421888K
}
Event: 12.730 GC heap before
{Heap before GC invocations=45 (full 0):
 garbage-first heap   total 284672K, used 231694K [0x0000000080000000, 0x0000000100000000)
  region size 1024K, 72 young (73728K), 5 survivors (5120K)
 Metaspace       used 104905K, committed 107520K, reserved 552960K
  class space    used 14379K, committed 15744K, reserved 421888K
}
Event: 12.736 GC heap after
{Heap after GC invocations=46 (full 0):
 garbage-first heap   total 284672K, used 175700K [0x0000000080000000, 0x0000000100000000)
  region size 1024K, 10 young (10240K), 10 survivors (10240K)
 Metaspace       used 104905K, committed 107520K, reserved 552960K
  class space    used 14379K, committed 15744K, reserved 421888K
}
Event: 13.253 GC heap before
{Heap before GC invocations=47 (full 0):
 garbage-first heap   total 302080K, used 230996K [0x0000000080000000, 0x0000000100000000)
  region size 1024K, 64 young (65536K), 10 survivors (10240K)
 Metaspace       used 107506K, committed 110208K, reserved 552960K
  class space    used 14799K, committed 16192K, reserved 421888K
}
Event: 13.258 GC heap after
{Heap after GC invocations=48 (full 0):
 garbage-first heap   total 302080K, used 178835K [0x0000000080000000, 0x0000000100000000)
  region size 1024K, 3 young (3072K), 3 survivors (3072K)
 Metaspace       used 107506K, committed 110208K, reserved 552960K
  class space    used 14799K, committed 16192K, reserved 421888K
}
Event: 13.333 GC heap before
{Heap before GC invocations=48 (full 0):
 garbage-first heap   total 302080K, used 190099K [0x0000000080000000, 0x0000000100000000)
  region size 1024K, 14 young (14336K), 3 survivors (3072K)
 Metaspace       used 108085K, committed 110720K, reserved 552960K
  class space    used 14880K, committed 16256K, reserved 421888K
}
Event: 13.335 GC heap after
{Heap after GC invocations=49 (full 0):
 garbage-first heap   total 302080K, used 175043K [0x0000000080000000, 0x0000000100000000)
  region size 1024K, 1 young (1024K), 1 survivors (1024K)
 Metaspace       used 108085K, committed 110720K, reserved 552960K
  class space    used 14880K, committed 16256K, reserved 421888K
}
Event: 13.765 GC heap before
{Heap before GC invocations=49 (full 0):
 garbage-first heap   total 302080K, used 248771K [0x0000000080000000, 0x0000000100000000)
  region size 1024K, 73 young (74752K), 1 survivors (1024K)
 Metaspace       used 110666K, committed 113216K, reserved 552960K
  class space    used 15193K, committed 16512K, reserved 421888K
}
Event: 13.769 GC heap after
{Heap after GC invocations=50 (full 0):
 garbage-first heap   total 302080K, used 182971K [0x0000000080000000, 0x0000000100000000)
  region size 1024K, 9 young (9216K), 9 survivors (9216K)
 Metaspace       used 110666K, committed 113216K, reserved 552960K
  class space    used 15193K, committed 16512K, reserved 421888K
}
Event: 14.045 GC heap before
{Heap before GC invocations=50 (full 0):
 garbage-first heap   total 302080K, used 247483K [0x0000000080000000, 0x0000000100000000)
  region size 1024K, 73 young (74752K), 9 survivors (9216K)
 Metaspace       used 110806K, committed 113472K, reserved 552960K
  class space    used 15206K, committed 16576K, reserved 421888K
}
Event: 14.053 GC heap after
{Heap after GC invocations=51 (full 0):
 garbage-first heap   total 302080K, used 194486K [0x0000000080000000, 0x0000000100000000)
  region size 1024K, 10 young (10240K), 10 survivors (10240K)
 Metaspace       used 110806K, committed 113472K, reserved 552960K
  class space    used 15206K, committed 16576K, reserved 421888K
}
Event: 14.101 GC heap before
{Heap before GC invocations=51 (full 0):
 garbage-first heap   total 302080K, used 248758K [0x0000000080000000, 0x0000000100000000)
  region size 1024K, 64 young (65536K), 10 survivors (10240K)
 Metaspace       used 110806K, committed 113472K, reserved 552960K
  class space    used 15206K, committed 16576K, reserved 421888K
}

