# JRE version: Java(TM) SE Runtime Environment (19.0.2+7) (build 19.0.2+7-44)
# Java VM: Java HotSpot(TM) 64-Bit Server VM (19.0.2+7-44, mixed mode, sharing, tiered, compressed oops, compressed class ptrs, g1 gc, windows-amd64)
GC Precious Log:
 CardTable entry size: 512
 Card Set container configuration: InlinePtr #cards 5 size 8 Array Of Cards #cards 12 size 40 Howl #buckets 4 coarsen threshold 1843 Howl Bitmap #cards 512 size 80 coarsen threshold 460 Card regions per heap region 1 cards per card region 2048
 CPUs: 16 total, 16 available
 Memory: 12013M
 Large Page Support: Disabled
 NUMA Support: Disabled
 Compressed Oops: Enabled (32-bit)
 Heap Region Size: 1M
 Heap Min Capacity: 8M
 Heap Initial Capacity: 188M
 Heap Max Capacity: 2G
 Pre-touch: Disabled
 Parallel Workers: 13
 Concurrent Workers: 3
 Concurrent Refinement Workers: 13
 Periodic GC: Disabled
Heap:
 garbage-first heap   total 237568K, used 88059K [0x0000000080000000, 0x0000000100000000)
  region size 1024K, 5 young (5120K), 5 survivors (5120K)
 Metaspace       used 76166K, committed 78336K, reserved 552960K
  class space    used 10545K, committed 11712K, reserved 421888K
GC Heap History (20 events):
Event: 3.312 GC heap after
{Heap after GC invocations=13 (full 0):
 garbage-first heap   total 89088K, used 35818K [0x0000000080000000, 0x0000000100000000)
  region size 1024K, 2 young (2048K), 2 survivors (2048K)
 Metaspace       used 41076K, committed 42560K, reserved 487424K
  class space    used 5698K, committed 6464K, reserved 421888K
}
Event: 3.576 GC heap before
{Heap before GC invocations=13 (full 0):
 garbage-first heap   total 89088K, used 69610K [0x0000000080000000, 0x0000000100000000)
  region size 1024K, 35 young (35840K), 2 survivors (2048K)
 Metaspace       used 44726K, committed 46208K, reserved 487424K
  class space    used 6273K, committed 7040K, reserved 421888K
}
Event: 3.579 GC heap after
{Heap after GC invocations=14 (full 0):
 garbage-first heap   total 237568K, used 37256K [0x0000000080000000, 0x0000000100000000)
  region size 1024K, 4 young (4096K), 4 survivors (4096K)
 Metaspace       used 44726K, committed 46208K, reserved 487424K
  class space    used 6273K, committed 7040K, reserved 421888K
}
Event: 4.564 GC heap before
{Heap before GC invocations=14 (full 0):
 garbage-first heap   total 237568K, used 177544K [0x0000000080000000, 0x0000000100000000)
  region size 1024K, 139 young (142336K), 4 survivors (4096K)
 Metaspace       used 57427K, committed 59136K, reserved 487424K
  class space    used 8009K, committed 8896K, reserved 421888K
}
Event: 4.569 GC heap after
{Heap after GC invocations=15 (full 0):
 garbage-first heap   total 237568K, used 45527K [0x0000000080000000, 0x0000000100000000)
  region size 1024K, 12 young (12288K), 12 survivors (12288K)
 Metaspace       used 57427K, committed 59136K, reserved 487424K
  class space    used 8009K, committed 8896K, reserved 421888K
}
Event: 4.637 GC heap before
{Heap before GC invocations=15 (full 0):
 garbage-first heap   total 237568K, used 54743K [0x0000000080000000, 0x0000000100000000)
  region size 1024K, 22 young (22528K), 12 survivors (12288K)
 Metaspace       used 58347K, committed 60096K, reserved 487424K
  class space    used 8160K, committed 9088K, reserved 421888K
}
Event: 4.642 GC heap after
{Heap after GC invocations=16 (full 0):
 garbage-first heap   total 237568K, used 46255K [0x0000000080000000, 0x0000000100000000)
  region size 1024K, 10 young (10240K), 10 survivors (10240K)
 Metaspace       used 58347K, committed 60096K, reserved 487424K
  class space    used 8160K, committed 9088K, reserved 421888K
}
Event: 5.292 GC heap before
{Heap before GC invocations=17 (full 0):
 garbage-first heap   total 163840K, used 146607K [0x0000000080000000, 0x0000000100000000)
  region size 1024K, 96 young (98304K), 10 survivors (10240K)
 Metaspace       used 65454K, committed 67392K, reserved 487424K
  class space    used 9131K, committed 10176K, reserved 421888K
}
Event: 5.298 GC heap after
{Heap after GC invocations=18 (full 0):
 garbage-first heap   total 163840K, used 64637K [0x0000000080000000, 0x0000000100000000)
  region size 1024K, 7 young (7168K), 7 survivors (7168K)
 Metaspace       used 65454K, committed 67392K, reserved 487424K
  class space    used 9131K, committed 10176K, reserved 421888K
}
Event: 5.303 GC heap before
{Heap before GC invocations=18 (full 0):
 garbage-first heap   total 163840K, used 65661K [0x0000000080000000, 0x0000000100000000)
  region size 1024K, 8 young (8192K), 7 survivors (7168K)
 Metaspace       used 65503K, committed 67392K, reserved 487424K
  class space    used 9139K, committed 10176K, reserved 421888K
}
Event: 5.305 GC heap after
{Heap after GC invocations=19 (full 0):
 garbage-first heap   total 163840K, used 65070K [0x0000000080000000, 0x0000000100000000)
  region size 1024K, 1 young (1024K), 1 survivors (1024K)
 Metaspace       used 65503K, committed 67392K, reserved 487424K
  class space    used 9139K, committed 10176K, reserved 421888K
}
Event: 5.837 GC heap before
{Heap before GC invocations=19 (full 0):
 garbage-first heap   total 163840K, used 132654K [0x0000000080000000, 0x0000000100000000)
  region size 1024K, 68 young (69632K), 1 survivors (1024K)
 Metaspace       used 68534K, committed 70528K, reserved 487424K
  class space    used 9514K, committed 10560K, reserved 421888K
}
Event: 5.840 GC heap after
{Heap after GC invocations=20 (full 0):
 garbage-first heap   total 163840K, used 70679K [0x0000000080000000, 0x0000000100000000)
  region size 1024K, 7 young (7168K), 7 survivors (7168K)
 Metaspace       used 68534K, committed 70528K, reserved 487424K
  class space    used 9514K, committed 10560K, reserved 421888K
}
Event: 6.493 GC heap before
{Heap before GC invocations=20 (full 0):
 garbage-first heap   total 163840K, used 131095K [0x0000000080000000, 0x0000000100000000)
  region size 1024K, 67 young (68608K), 7 survivors (7168K)
 Metaspace       used 73472K, committed 75456K, reserved 487424K
  class space    used 10270K, committed 11328K, reserved 421888K
}
Event: 6.498 GC heap after
{Heap after GC invocations=21 (full 0):
 garbage-first heap   total 163840K, used 75996K [0x0000000080000000, 0x0000000100000000)
  region size 1024K, 6 young (6144K), 6 survivors (6144K)
 Metaspace       used 73472K, committed 75456K, reserved 487424K
  class space    used 10270K, committed 11328K, reserved 421888K
}
Event: 6.866 GC heap before
{Heap before GC invocations=21 (full 0):
 garbage-first heap   total 163840K, used 132316K [0x0000000080000000, 0x0000000100000000)
  region size 1024K, 61 young (62464K), 6 survivors (6144K)
 Metaspace       used 75674K, committed 77824K, reserved 552960K
  class space    used 10540K, committed 11712K, reserved 421888K
}
Event: 6.871 GC heap after
{Heap after GC invocations=22 (full 0):
 garbage-first heap   total 163840K, used 83683K [0x0000000080000000, 0x0000000100000000)
  region size 1024K, 8 young (8192K), 8 survivors (8192K)
 Metaspace       used 75674K, committed 77824K, reserved 552960K
  class space    used 10540K, committed 11712K, reserved 421888K
}
Event: 7.095 GC heap before
{Heap before GC invocations=22 (full 0):
 garbage-first heap   total 163840K, used 130787K [0x0000000080000000, 0x0000000100000000)
  region size 1024K, 55 young (56320K), 8 survivors (8192K)
 Metaspace       used 76154K, committed 78336K, reserved 552960K
  class space    used 10545K, committed 11712K, reserved 421888K
}
Event: 7.100 GC heap after
{Heap after GC invocations=23 (full 0):
 garbage-first heap   total 163840K, used 86501K [0x0000000080000000, 0x0000000100000000)
  region size 1024K, 6 young (6144K), 6 survivors (6144K)
 Metaspace       used 76154K, committed 78336K, reserved 552960K
  class space    used 10545K, committed 11712K, reserved 421888K
}
Event: 7.158 GC heap before
{Heap before GC invocations=23 (full 0):
 garbage-first heap   total 163840K, used 130533K [0x0000000080000000, 0x0000000100000000)
  region size 1024K, 50 young (51200K), 6 survivors (6144K)
 Metaspace       used 76166K, committed 78336K, reserved 552960K
  class space    used 10545K, committed 11712K, reserved 421888K
}

